{"message":"2 keys loaded","level":"info"}
{"message":"Connected","level":"info"}
{"message":"Logged in as: uabot - (545963530042605568)","level":"info"}
{"message":"Prefix is [.ua ]","level":"info"}
{"message":"Status changed: {member: [JustCallMeTip#2698], old status: [offline], new status: [online]}","level":"verbose"}
{"message":"Guild tracking setup. Sending event.","level":"verbose"}
{"message":"Status changed: {member: [TommysHouseOMunch#4440], old status: [offline], new status: [online]}","level":"verbose"}
{"message":"Guild tracking setup. Sending event.","level":"verbose"}
{"message":"Guild tracking setup. Sending event.","level":"verbose"}
{"message":"Status changed: {member: [Xalizar#8313], old status: [idle], new status: [online]}","level":"verbose"}
{"message":"Guild tracking setup. Sending event.","level":"verbose"}
{"message":"Status changed: {member: [Primordial G00#9045], old status: [idle], new status: [online]}","level":"verbose"}
{"message":"Guild tracking setup. Sending event.","level":"verbose"}
{"message":"Status changed: {member: [Big Ell#6150], old status: [idle], new status: [online]}","level":"verbose"}
{"message":"Guild tracking setup. Sending event.","level":"verbose"}
{"message":"Status changed: {member: [JustCallMeTip#2698], old status: [offline], new status: [online]}","level":"verbose"}
{"message":"Guild tracking setup. Sending event.","level":"verbose"}
{"message":"Status changed: {member: [Wolfenbob#4978], old status: [idle], new status: [online]}","level":"verbose"}
{"message":"Guild tracking setup. Sending event.","level":"verbose"}
{"message":"Status changed: {member: [kinners#0795], old status: [idle], new status: [online]}","level":"verbose"}
{"message":"Guild tracking setup. Sending event.","level":"verbose"}
{"message":"Game changed: {member: [kinners#0795], new game: [Wargame: Red Dragon]}","level":"verbose"}
{"message":"Guild tracking setup. Sending event.","level":"verbose"}
{"message":"Status changed: {member: [scotty918#6943], old status: [offline], new status: [online]}","level":"verbose"}
{"message":"Guild tracking setup. Sending event.","level":"verbose"}
{"message":"Status changed: {member: [Ev#3639], old status: [offline], new status: [online]}","level":"verbose"}
{"message":"Guild tracking setup. Sending event.","level":"verbose"}
{"message":"Status changed: {member: [Pedro171#7662], old status: [offline], new status: [online]}","level":"verbose"}
{"message":"Guild tracking setup. Sending event.","level":"verbose"}
{"message":"Status changed: {member: [blackmic#5842], old status: [offline], new status: [online]}","level":"verbose"}
{"message":"Guild tracking setup. Sending event.","level":"verbose"}
{"message":"Status changed: {member: [QuiGon Made It to the Water#3793], old status: [idle], new status: [online]}","level":"verbose"}
{"message":"Guild tracking setup. Sending event.","level":"verbose"}
{"message":"Status changed: {member: [QuiGon Made It to the Water#3793], old status: [idle], new status: [online]}","level":"verbose"}
{"message":"Guild tracking setup. Sending event.","level":"verbose"}
{"message":"Guild tracking setup. Sending event.","level":"verbose"}
{"message":"Status changed: {member: [AreUDead#9211], old status: [idle], new status: [online]}","level":"verbose"}
{"message":"Guild tracking setup. Sending event.","level":"verbose"}
{"message":"Status changed: {member: [Kosh One#1618], old status: [idle], new status: [online]}","level":"verbose"}
{"message":"Guild tracking setup. Sending event.","level":"verbose"}
{"message":"Game changed: {member: [kinners#0795], new game: [Rise of Nations: Extended Edition]}","level":"verbose"}
{"message":"Guild tracking setup. Sending event.","level":"verbose"}
{"message":"Game changed: {member: [blackmic#5842], new game: [League of Legends]}","level":"verbose"}
{"message":"Guild tracking setup. Sending event.","level":"verbose"}
{"message":"Guild tracking setup. Sending event.","level":"verbose"}
{"message":"Game changed: {member: [ViciousPanda#3844], new game: [Fortnite]}","level":"verbose"}
{"message":"Guild tracking setup. Sending event.","level":"verbose"}
{"message":"Status changed: {member: [Pedro171#7662], old status: [offline], new status: [online]}","level":"verbose"}
{"message":"Guild tracking setup. Sending event.","level":"verbose"}
{"message":"Guild tracking setup. Sending event.","level":"verbose"}
{"message":"Status changed: {member: [romanodog#8421], old status: [offline], new status: [online]}","level":"verbose"}
{"message":"Guild tracking setup. Sending event.","level":"verbose"}
{"message":"Guild tracking setup. Sending event.","level":"verbose"}
{"message":"Guild tracking setup. Sending event.","level":"verbose"}
{"message":"Guild tracking setup. Sending event.","level":"verbose"}
{"message":"Guild tracking setup. Sending event.","level":"verbose"}
{"message":"Guild tracking setup. Sending event.","level":"verbose"}
{"message":"Guild tracking setup. Sending event.","level":"verbose"}
{"message":"Status changed: {member: [Junkyard 999#7570], old status: [offline], new status: [online]}","level":"verbose"}
{"message":"Guild tracking setup. Sending event.","level":"verbose"}
{"message":"Status changed: {member: [Aimlessgohan#2632], old status: [offline], new status: [online]}","level":"verbose"}
{"message":"Guild tracking setup. Sending event.","level":"verbose"}
{"message":"Guild tracking setup. Sending event.","level":"verbose"}
