{"message":"2 keys loaded","level":"info"}
{"message":"Connected","level":"info"}
{"message":"Logged in as: uabot - (545963530042605568)","level":"info"}
{"message":"Prefix is [.ua ]","level":"info"}
{"message":"Status changed: {member: [txag79#8362], old status: [idle], new status: [online]}","level":"verbose"}
{"message":"Guild tracking setup. Sending event.","level":"verbose"}
{"message":"Status changed: {member: [Aimlessgohan#2632], old status: [idle], new status: [online]}","level":"verbose"}
{"message":"Guild tracking setup. Sending event.","level":"verbose"}
{"message":"Voice state changed: {member: [hybridhavoc#4027], voice channel: [Blather-Box], channel id: [352143219552681984]}","level":"verbose"}
{"message":"Testing","level":"verbose"}
{"message":"Guild tracking setup. Sending event.","level":"verbose"}
{"message":"Status changed: {member: [Loaded Squirrel#5266], old status: [idle], new status: [online]}","level":"verbose"}
{"message":"Guild tracking setup. Sending event.","level":"verbose"}
{"message":"Status changed: {member: [JollyGreen#5775], old status: [idle], new status: [online]}","level":"verbose"}
{"message":"Guild tracking setup. Sending event.","level":"verbose"}
{"message":"Status changed: {member: [MaynardJames82#3337], old status: [offline], new status: [online]}","level":"verbose"}
{"message":"Guild tracking setup. Sending event.","level":"verbose"}
{"message":"Status changed: {member: [Mercisme#8027], old status: [idle], new status: [online]}","level":"verbose"}
{"message":"Guild tracking setup. Sending event.","level":"verbose"}
{"message":"Guild tracking setup. Sending event.","level":"verbose"}
{"message":"Status changed: {member: [Rob#7559], old status: [offline], new status: [online]}","level":"verbose"}
{"message":"Guild tracking setup. Sending event.","level":"verbose"}
{"message":"Status changed: {member: [JustCallMeTip#2698], old status: [offline], new status: [online]}","level":"verbose"}
{"message":"Guild tracking setup. Sending event.","level":"verbose"}
{"message":"Status changed: {member: [Stick#2462], old status: [offline], new status: [online]}","level":"verbose"}
{"message":"Guild tracking setup. Sending event.","level":"verbose"}
{"message":"Status changed: {member: [lightsup55#1491], old status: [offline], new status: [online]}","level":"verbose"}
{"message":"Guild tracking setup. Sending event.","level":"verbose"}
